2025-06-19 19:42:12,682 - INFO - === PHOTONUCLEAR GOLD PRODUCTION QUICK DEMO ===
2025-06-19 19:42:12,683 - INFO - Initializing hardware systems...
2025-06-19 19:42:12,684 - INFO - GammaBeamController initialized for 16.5 MeV beam
2025-06-19 19:42:12,685 - INFO - Database initialized: quick_demo_target.db
2025-06-19 19:42:12,685 - INFO - TargetCellMonitor initialized
2025-06-19 19:42:12,686 - INFO - Database initialized: quick_demo_data.db
2025-06-19 19:42:12,687 - INFO - DataLogger initialized
2025-06-19 19:42:12,687 - INFO - Registered subsystem: gamma_beam
2025-06-19 19:42:12,695 - INFO - Registered subsystem: target_cell
2025-06-19 19:42:12,696 - INFO - Hardware initialization complete
2025-06-19 19:42:12,710 - INFO - Data collection started for 2 subsystems
2025-06-19 19:42:12,710 - INFO - Experiment session started: EXP_20250619_194212
2025-06-19 19:42:12,710 - INFO - Data logging started: EXP_20250619_194212
2025-06-19 19:42:12,710 - INFO - Running safety checks...
2025-06-19 19:42:12,710 - INFO - Safety checks passed
2025-06-19 19:42:12,710 - INFO - Loading 1.0 g Pb-208 target...
2025-06-19 19:42:12,710 - INFO - Loading 1.000 g of Pb-208 target...
2025-06-19 19:42:17,710 - INFO - Target loaded successfully
2025-06-19 19:42:17,711 - INFO - Quick thermal conditioning...
2025-06-19 19:42:17,711 - INFO - Starting coolant circulation...
2025-06-19 19:42:17,711 - INFO - Waiting for thermal equilibrium...
