2025-06-19 09:08:28,821 - INFO - === PHOTONUCLEAR GOLD PRODUCTION QUICK DEMO ===
2025-06-19 09:08:28,822 - INFO - Initializing hardware systems...
2025-06-19 09:08:28,822 - INFO - GammaBeamController initialized for 16.5 MeV beam
2025-06-19 09:08:28,823 - INFO - Database initialized: quick_demo_target.db
2025-06-19 09:08:28,823 - INFO - TargetCellMonitor initialized
2025-06-19 09:08:28,824 - INFO - Database initialized: quick_demo_data.db
2025-06-19 09:08:28,824 - INFO - DataLogger initialized
2025-06-19 09:08:28,825 - INFO - Registered subsystem: gamma_beam
2025-06-19 09:08:28,827 - INFO - Registered subsystem: target_cell
2025-06-19 09:08:28,827 - INFO - Hardware initialization complete
2025-06-19 09:08:28,835 - INFO - Data collection started for 2 subsystems
2025-06-19 09:08:28,835 - INFO - Experiment session started: EXP_20250619_090828
2025-06-19 09:08:28,835 - INFO - Data logging started: EXP_20250619_090828
2025-06-19 09:08:28,835 - INFO - Running safety checks...
2025-06-19 09:08:28,835 - INFO - Safety checks passed
2025-06-19 09:08:28,835 - INFO - Loading 1.0 g Pb-208 target...
2025-06-19 09:08:28,836 - INFO - Loading 1.000 g of Pb-208 target...
2025-06-19 09:08:33,836 - INFO - Target loaded successfully
2025-06-19 09:08:33,838 - INFO - Quick thermal conditioning...
2025-06-19 09:08:33,839 - INFO - Starting coolant circulation...
2025-06-19 09:08:33,839 - INFO - Waiting for thermal equilibrium...
2025-06-19 09:13:33,857 - WARNING - Thermal equilibrium not reached within timeout
2025-06-19 09:14:33,858 - INFO - Target preparation complete
2025-06-19 09:14:33,859 - INFO - Starting gamma beam system...
2025-06-19 09:14:33,860 - INFO - Powering on gamma beam system...
2025-06-19 09:14:33,862 - INFO - System warming up... ETA: 0.5 minutes
2025-06-19 09:15:03,864 - INFO - Warmup progress: 100.0%
2025-06-19 09:15:03,865 - INFO - System ready for beam operation
2025-06-19 09:15:03,865 - INFO - Ramping laser to full power...
2025-06-19 09:15:05,866 - INFO - Activating electron beam...
2025-06-19 09:15:07,867 - INFO - Monitoring beam formation...
2025-06-19 09:15:12,872 - INFO - Gamma beam active: 16.54 MeV, 99.7% stable
2025-06-19 09:15:12,872 - INFO - Starting accelerated irradiation...
2025-06-19 09:15:12,873 - INFO - Starting irradiation monitoring...
2025-06-19 09:15:12,873 - INFO - Irradiation monitoring active
2025-06-19 09:15:12,873 - INFO - Irradiation will run for 6.0 minutes
2025-06-19 09:15:42,878 - INFO - Status: 0.5min elapsed, 5.5min remaining
2025-06-19 09:15:42,879 - INFO -   Conversion: 0.0000% | Temp: 149.2C
2025-06-19 09:15:42,879 - INFO -   Beam stability: 98.2% | Au-197: 629775095 Bq
2025-06-19 09:15:42,880 - INFO -   Projected final: 0.0000% (0.000 mg gold)
2025-06-19 09:16:12,883 - INFO - Status: 1.0min elapsed, 5.0min remaining
2025-06-19 09:16:12,883 - INFO -   Conversion: 0.0000% | Temp: 150.0C
2025-06-19 09:16:12,883 - INFO -   Beam stability: 98.8% | Au-197: 1281266572 Bq
2025-06-19 09:16:12,884 - INFO -   Projected final: 0.0000% (0.000 mg gold)
2025-06-19 09:16:42,887 - INFO - Status: 1.5min elapsed, 4.5min remaining
2025-06-19 09:16:42,888 - INFO -   Conversion: 0.0000% | Temp: 146.2C
2025-06-19 09:16:42,889 - INFO -   Beam stability: 98.6% | Au-197: 1932758050 Bq
2025-06-19 09:16:42,889 - INFO -   Projected final: 0.0000% (0.000 mg gold)
2025-06-19 09:17:12,894 - INFO - Status: 2.0min elapsed, 4.0min remaining
2025-06-19 09:17:12,895 - INFO -   Conversion: 0.0000% | Temp: 152.7C
2025-06-19 09:17:12,895 - INFO -   Beam stability: 99.0% | Au-197: 2562533144 Bq
2025-06-19 09:17:12,896 - INFO -   Projected final: 0.0000% (0.000 mg gold)
2025-06-19 09:17:42,903 - INFO - Status: 2.5min elapsed, 3.5min remaining
2025-06-19 09:17:42,905 - INFO -   Conversion: 0.0000% | Temp: 149.3C
2025-06-19 09:17:42,905 - INFO -   Beam stability: 99.3% | Au-197: 3214024622 Bq
2025-06-19 09:17:42,906 - INFO -   Projected final: 0.0000% (0.000 mg gold)
2025-06-19 09:18:12,909 - INFO - Status: 3.0min elapsed, 3.0min remaining
2025-06-19 09:18:12,910 - INFO -   Conversion: 0.0000% | Temp: 146.1C
2025-06-19 09:18:12,910 - INFO -   Beam stability: 97.0% | Au-197: 3865516099 Bq
2025-06-19 09:18:12,911 - INFO -   Projected final: 0.0000% (0.000 mg gold)
2025-06-19 09:18:42,914 - INFO - Status: 3.5min elapsed, 2.5min remaining
2025-06-19 09:18:42,915 - INFO -   Conversion: 0.0000% | Temp: 150.4C
2025-06-19 09:18:42,915 - INFO -   Beam stability: 97.9% | Au-197: 4495291194 Bq
2025-06-19 09:18:42,915 - INFO -   Projected final: 0.0000% (0.000 mg gold)
2025-06-19 09:19:12,919 - INFO - Status: 4.0min elapsed, 2.0min remaining
2025-06-19 09:19:12,920 - INFO -   Conversion: 0.0000% | Temp: 151.1C
2025-06-19 09:19:12,921 - INFO -   Beam stability: 97.2% | Au-197: 5146782671 Bq
2025-06-19 09:19:12,922 - INFO -   Projected final: 0.0000% (0.000 mg gold)
2025-06-19 09:19:42,926 - INFO - Status: 4.5min elapsed, 1.5min remaining
2025-06-19 09:19:42,927 - INFO -   Conversion: 0.0000% | Temp: 149.3C
2025-06-19 09:19:42,928 - INFO -   Beam stability: 97.3% | Au-197: 5776557766 Bq
2025-06-19 09:19:42,929 - INFO -   Projected final: 0.0000% (0.000 mg gold)
2025-06-19 09:20:12,933 - INFO - Status: 5.0min elapsed, 1.0min remaining
2025-06-19 09:20:12,934 - INFO -   Conversion: 0.0000% | Temp: 146.6C
2025-06-19 09:20:12,934 - INFO -   Beam stability: 99.6% | Au-197: 6428049243 Bq
2025-06-19 09:20:12,935 - INFO -   Projected final: 0.0000% (0.000 mg gold)
2025-06-19 09:20:42,939 - INFO - Status: 5.5min elapsed, 0.5min remaining
2025-06-19 09:20:42,939 - INFO -   Conversion: 0.0000% | Temp: 151.6C
2025-06-19 09:20:42,940 - INFO -   Beam stability: 99.1% | Au-197: 7079540720 Bq
2025-06-19 09:20:42,941 - INFO -   Projected final: 0.0000% (0.000 mg gold)
2025-06-19 09:21:12,944 - INFO - Stopping irradiation...
2025-06-19 09:21:12,945 - INFO - Total irradiation time: 0.10 hours
2025-06-19 09:21:12,945 - INFO - Turning off gamma beam...
2025-06-19 09:21:21,948 - INFO - Gamma beam OFF
2025-06-19 09:21:21,948 - INFO - Irradiation sequence complete
2025-06-19 09:21:21,949 - INFO - Analyzing results...
2025-06-19 09:21:21,950 - INFO - Brief cooling period...
2025-06-19 09:21:51,951 - INFO - Unloading target...
2025-06-19 09:21:52,038 - INFO - Target unloaded successfully
2025-06-19 09:21:52,039 - INFO - Results analysis complete
2025-06-19 09:21:52,040 - INFO - Powering down gamma beam system...
2025-06-19 09:21:52,122 - INFO - System powered down successfully
2025-06-19 09:21:52,674 - INFO - Data collection stopped
2025-06-19 09:21:52,798 - INFO - Session data backed up: quick_demo_backups\EXP_20250619_090828_20250619_092152.csv
2025-06-19 09:21:52,800 - INFO - Experiment session ended: EXP_20250619_090828
2025-06-19 09:21:52,800 - INFO - Data logging ended: 17660 points
2025-06-19 09:21:52,801 - INFO - === DEMONSTRATION COMPLETED SUCCESSFULLY ===
