2025-06-19 20:23:07,736 - INFO - *** MOCK MODE ENABLED - Fast simulation for CI ***
2025-06-19 20:23:07,737 - INFO - === PHOTONUCLEAR GOLD PRODUCTION QUICK DEMO ===
2025-06-19 20:23:07,737 - INFO - Initializing hardware systems...
2025-06-19 20:23:07,737 - INFO - GammaBeamController initialized for 16.5 MeV beam
2025-06-19 20:23:07,739 - INFO - Database initialized: quick_demo_target.db
2025-06-19 20:23:07,739 - INFO - TargetCellMonitor initialized
2025-06-19 20:23:07,741 - INFO - Database initialized: quick_demo_data.db
2025-06-19 20:23:07,741 - INFO - DataLogger initialized
2025-06-19 20:23:07,750 - INFO - Registered subsystem: gamma_beam
2025-06-19 20:23:07,750 - INFO - Registered subsystem: target_cell
2025-06-19 20:23:07,751 - INFO - Hardware initialization complete
2025-06-19 20:23:07,762 - INFO - Data collection started for 2 subsystems
2025-06-19 20:23:07,763 - INFO - Experiment session started: EXP_20250619_202307
2025-06-19 20:23:07,763 - INFO - Data logging started: EXP_20250619_202307
2025-06-19 20:23:07,763 - INFO - Running safety checks...
2025-06-19 20:23:07,764 - INFO - Safety checks passed
2025-06-19 20:23:07,764 - INFO - Loading 1.0 g Pb-208 target...
2025-06-19 20:23:07,764 - INFO - Loading 1.000 g of Pb-208 target...
2025-06-19 20:23:12,765 - INFO - Target loaded successfully
2025-06-19 20:23:12,766 - INFO - Quick thermal conditioning...
2025-06-19 20:23:12,766 - INFO - Starting coolant circulation...
2025-06-19 20:23:12,767 - INFO - Waiting for thermal equilibrium...
